\BOOKMARK [0][]{chapter.1}{Introduction}{}% 1
\BOOKMARK [0][]{chapter.2}{Data\040Acquisition\040Pipeline}{}% 2
\BOOKMARK [1][]{section.2.1}{Introduction}{chapter.2}% 3
\BOOKMARK [1][]{section.2.2}{Data\040Acquisition}{chapter.2}% 4
\BOOKMARK [1][]{section.2.3}{Data\040Normalization\040and\040Integration}{chapter.2}% 5
\BOOKMARK [1][]{section.2.4}{Data\040Analysis}{chapter.2}% 6
\BOOKMARK [1][]{section.2.5}{Conclusions}{chapter.2}% 7
\BOOKMARK [0][]{chapter.3}{Dataset\040Characterization}{}% 8
\BOOKMARK [1][]{section.3.1}{Introduction}{chapter.3}% 9
\BOOKMARK [1][]{section.3.2}{Related\040works}{chapter.3}% 10
\BOOKMARK [1][]{section.3.3}{Temporal\040Analyses}{chapter.3}% 11
\BOOKMARK [2][]{subsection.3.3.1}{System\040Utilization}{section.3.3}% 12
\BOOKMARK [1][]{section.3.4}{Rides\040characterization}{chapter.3}% 13
\BOOKMARK [2][]{subsection.3.4.1}{Driving\040patterns}{section.3.4}% 14
\BOOKMARK [2][]{subsection.3.4.2}{Spatial\040Analysis}{section.3.4}% 15
\BOOKMARK [2][]{subsection.3.4.3}{Users'\040Habits}{section.3.4}% 16
\BOOKMARK [1][]{section.3.5}{Conclusions}{chapter.3}% 17
\BOOKMARK [0][]{chapter.4}{Characterizing\040Client\040Usage\040Patterns\040and\040Service\040Demand\040for\040Car-Sharing\040Systems}{}% 18
\BOOKMARK [1][]{section.4.1}{Introduction}{chapter.4}% 19
\BOOKMARK [1][]{section.4.2}{Related\040Work}{chapter.4}% 20
\BOOKMARK [1][]{section.4.3}{Car-sharing\040systems}{chapter.4}% 21
\BOOKMARK [1][]{section.4.4}{Datasets\040and\040crawling\040methodology}{chapter.4}% 22
\BOOKMARK [2][]{subsection.4.4.1}{Modo\040crawling\040methodology\040and\040data\040summary}{section.4.4}% 23
\BOOKMARK [2][]{subsection.4.4.2}{Evo\040crawling\040methodology\040and\040data\040summary}{section.4.4}% 24
\BOOKMARK [2][]{subsection.4.4.3}{Car2Go\040crawling\040methodology\040and\040data\040summary}{section.4.4}% 25
\BOOKMARK [1][]{section.4.5}{Car-sharing\040services\040characterization}{chapter.4}% 26
\BOOKMARK [2][]{subsection.4.5.1}{Temporal\040characteristics}{section.4.5}% 27
\BOOKMARK [2][]{subsection.4.5.2}{Spatial-temporal\040characteristics}{section.4.5}% 28
\BOOKMARK [2][]{subsection.4.5.3}{User\040behavior\040characteristics}{section.4.5}% 29
\BOOKMARK [1][]{section.4.6}{Conclusions}{chapter.4}% 30
\BOOKMARK [0][]{chapter.5}{Electric\040Free\040Floating\040Car\040Sharing\040Mobility\040Simulator}{}% 31
\BOOKMARK [1][]{section.5.1}{Introduction}{chapter.5}% 32
\BOOKMARK [1][]{section.5.2}{Electric\040car\040sharing\040simulator}{chapter.5}% 33
\BOOKMARK [2][]{subsection.5.2.1}{Simulation\040model}{section.5.2}% 34
\BOOKMARK [2][]{subsection.5.2.2}{Modelling\040of\040rental\040event}{section.5.2}% 35
\BOOKMARK [1][]{section.5.3}{Meta-Heuristic\040Charging\040Stations\040Placement}{chapter.5}% 36
\BOOKMARK [2][]{subsection.5.3.1}{Problem\040formalization}{section.5.3}% 37
\BOOKMARK [1][]{section.5.4}{Car\040return\040policies}{chapter.5}% 38
\BOOKMARK [1][]{section.5.5}{Key\040Performance\040Indicators\040and\040Simulation\040Scenario}{chapter.5}% 39
\BOOKMARK [2][]{subsection.5.5.1}{Performance\040metrics\040and\040parameters}{section.5.5}% 40
\BOOKMARK [2][]{subsection.5.5.2}{Simulation\040scenario}{section.5.5}% 41
\BOOKMARK [1][]{section.5.6}{Conclusions}{chapter.5}% 42
\BOOKMARK [0][]{chapter.6}{A\040Data\040Driven\040Approach\040for\040Electric\040FFCS\040System\040Design}{}% 43
\BOOKMARK [1][]{section.6.1}{Introduction}{chapter.6}% 44
\BOOKMARK [1][]{section.6.2}{Related\040work}{chapter.6}% 45
\BOOKMARK [1][]{section.6.3}{Data\040collection\040and\040characterization}{chapter.6}% 46
\BOOKMARK [2][]{subsection.6.3.1}{Temporal\040characterization}{section.6.3}% 47
\BOOKMARK [2][]{subsection.6.3.2}{Spatial\040characterization}{section.6.3}% 48
\BOOKMARK [1][]{section.6.4}{Impact\040of\040charging\040station\040placement}{chapter.6}% 49
\BOOKMARK [2][]{subsection.6.4.1}{Simulation\040setup}{section.6.4}% 50
\BOOKMARK [2][]{subsection.6.4.2}{Results}{section.6.4}% 51
\BOOKMARK [1][]{section.6.5}{Impact\040of\040return\040policy}{chapter.6}% 52
\BOOKMARK [2][]{subsection.6.5.1}{Impact\040on\040infeasible\040trips}{section.6.5}% 53
\BOOKMARK [2][]{subsection.6.5.2}{Impact\040on\040customer\040experience}{section.6.5}% 54
\BOOKMARK [1][]{section.6.6}{How\040to\040distribute\040poles\040in\040stations}{chapter.6}% 55
\BOOKMARK [1][]{section.6.7}{Conclusions}{chapter.6}% 56
\BOOKMARK [0][]{chapter.7}{Data-Driven\040Optimization\040of\040Charging\040Station\040Placement\040in\040Electric\040FFCS}{}% 57
\BOOKMARK [1][]{section.7.1}{Introduction}{chapter.7}% 58
\BOOKMARK [1][]{section.7.2}{Related\040works}{chapter.7}% 59
\BOOKMARK [1][]{section.7.3}{Methodology}{chapter.7}% 60
\BOOKMARK [2][]{subsection.7.3.1}{The\040dataset}{section.7.3}% 61
\BOOKMARK [1][]{section.7.4}{Simulation\040scenarios\040}{chapter.7}% 62
\BOOKMARK [2][]{subsection.7.4.1}{Simulation\040parameters}{section.7.4}% 63
\BOOKMARK [2][]{subsection.7.4.2}{Key\040Performances\040Indicators}{section.7.4}% 64
\BOOKMARK [1][]{section.7.5}{Strategies\040for\040charging\040station\040placement}{chapter.7}% 65
\BOOKMARK [2][]{subsection.7.5.1}{Heuristic\040placements}{section.7.5}% 66
\BOOKMARK [2][]{subsection.7.5.2}{Simulation\040based\040advanced\040optimisation\040strategies}{section.7.5}% 67
\BOOKMARK [1][]{section.7.6}{Meta-heuristic\040optimisation\040of\040the\040charging\040station\040placement}{chapter.7}% 68
\BOOKMARK [2][]{subsection.7.6.1}{Charging\040station\040placement\040visualisation}{section.7.6}% 69
\BOOKMARK [2][]{subsection.7.6.2}{Validation\040of\040optimised\040configurations}{section.7.6}% 70
\BOOKMARK [1][]{section.7.7}{Placement\040optimisation\040for\040Needed\040return\040policy}{chapter.7}% 71
\BOOKMARK [1][]{section.7.8}{Discussion\040and\040Implication}{chapter.7}% 72
\BOOKMARK [2][]{subsection.7.8.1}{Scalability}{section.7.8}% 73
\BOOKMARK [2][]{subsection.7.8.2}{Economical\040Aspects}{section.7.8}% 74
\BOOKMARK [1][]{section.7.9}{Conclusions}{chapter.7}% 75
\BOOKMARK [0][]{chapter.8}{On\040FFCS\040Usage\040Prediction\040with\040Open\040Socio-Demographic\040Data}{}% 76
\BOOKMARK [1][]{section.8.1}{Introduction}{chapter.8}% 77
\BOOKMARK [1][]{section.8.2}{Related\040work}{chapter.8}% 78
\BOOKMARK [1][]{section.8.3}{Data\040gathering\040methodology}{chapter.8}% 79
\BOOKMARK [2][]{subsection.8.3.1}{FFCS\040data\040collection\040and\040Socio-demographic,\040weather\040and\040other\040open\040data}{section.8.3}% 80
\BOOKMARK [1][]{section.8.4}{Dataset\040overview}{chapter.8}% 81
\BOOKMARK [2][]{subsection.8.4.1}{FFCS\040temporal\040characterization}{section.8.4}% 82
\BOOKMARK [2][]{subsection.8.4.2}{FFCS\040spatial\040characterization}{section.8.4}% 83
\BOOKMARK [2][]{subsection.8.4.3}{Socio-demographic\040and\040weather\040data\040characterisation}{section.8.4}% 84
\BOOKMARK [1][]{section.8.5}{Temporal\040predictions\040of\040rentals}{chapter.8}% 85
\BOOKMARK [2][]{subsection.8.5.1}{Prediction\040models}{section.8.5}% 86
\BOOKMARK [2][]{subsection.8.5.2}{Long-term\040predictions\040-\040Results}{section.8.5}% 87
\BOOKMARK [2][]{subsection.8.5.3}{Short-term\040predictions\040-\040Results}{section.8.5}% 88
\BOOKMARK [2][]{subsection.8.5.4}{The\040effect\040of\040weather\040information}{section.8.5}% 89
\BOOKMARK [1][]{section.8.6}{Spatial\040prediction\040of\040rentals\040with\040socio-demographic\040data}{chapter.8}% 90
\BOOKMARK [2][]{subsection.8.6.1}{Feature\040ranking\040and\040selection}{section.8.6}% 91
\BOOKMARK [1][]{section.8.7}{Conclusions}{chapter.8}% 92
\BOOKMARK [0][]{chapter.9}{On\040Scalability\040of\040Electric\040FFCS\040in\040Smart\040Cities}{}% 93
\BOOKMARK [1][]{section.9.1}{Introduction}{chapter.9}% 94
\BOOKMARK [1][]{section.9.2}{Related\040Work}{chapter.9}% 95
\BOOKMARK [1][]{section.9.3}{Dataset\040and\040demand\040model}{chapter.9}% 96
\BOOKMARK [2][]{subsection.9.3.1}{Dataset}{section.9.3}% 97
\BOOKMARK [1][]{section.9.4}{Simulator\040and\040System\040Parameters}{chapter.9}% 98
\BOOKMARK [2][]{subsection.9.4.1}{Simulator\040and\040assumptions}{section.9.4}% 99
\BOOKMARK [2][]{subsection.9.4.2}{Performance\040metrics}{section.9.4}% 100
\BOOKMARK [2][]{subsection.9.4.3}{Cost\040model}{section.9.4}% 101
\BOOKMARK [1][]{section.9.5}{Results}{chapter.9}% 102
\BOOKMARK [2][]{subsection.9.5.1}{Impact\040of\040infrastructure\040design\040options}{section.9.5}% 103
\BOOKMARK [2][]{subsection.9.5.2}{Impact\040of\040fleet\040size}{section.9.5}% 104
\BOOKMARK [2][]{subsection.9.5.3}{Impact\040of\040costs}{section.9.5}% 105
\BOOKMARK [1][]{section.9.6}{Conclusions}{chapter.9}% 106
\BOOKMARK [0][]{chapter.10}{Conclusions\040and\040Future\040Works}{}% 107
\BOOKMARK [0][]{chapter.10}{Bibliography}{}% 108
